d:\dae\c++\games\summerprototype\prototypegame\x64\debug\prototypegame.pch
d:\dae\c++\games\summerprototype\prototypegame\x64\debug\vc142.pdb
d:\dae\c++\games\summerprototype\prototypegame\x64\debug\vc142.idb
d:\dae\c++\games\summerprototype\prototypegame\x64\debug\pch.obj
d:\dae\c++\games\summerprototype\prototypegame\x64\debug\inputmanager.obj
d:\dae\c++\games\summerprototype\prototypegame\x64\debug\healthcomponent.obj
d:\dae\c++\games\summerprototype\prototypegame\x64\debug\healeffect.obj
d:\dae\c++\games\summerprototype\prototypegame\x64\debug\handlecollisioncommand.obj
d:\dae\c++\games\summerprototype\prototypegame\x64\debug\gridcomponent.obj
d:\dae\c++\games\summerprototype\prototypegame\x64\debug\getallroomscommand.obj
d:\dae\c++\games\summerprototype\prototypegame\x64\debug\gameresetcomponent.obj
d:\dae\c++\games\summerprototype\prototypegame\x64\debug\gameobject.obj
d:\dae\c++\games\summerprototype\prototypegame\x64\debug\game.obj
d:\dae\c++\games\summerprototype\prototypegame\x64\debug\fireproc.obj
d:\dae\c++\games\summerprototype\prototypegame\x64\debug\enemymovementcomponent.obj
d:\dae\c++\games\summerprototype\prototypegame\x64\debug\enemymanagercomponent.obj
d:\dae\c++\games\summerprototype\prototypegame\x64\debug\doorcollisioncomponent.obj
d:\dae\c++\games\summerprototype\prototypegame\x64\debug\debugenemycomponent.obj
d:\dae\c++\games\summerprototype\prototypegame\x64\debug\damageeffect.obj
d:\dae\c++\games\summerprototype\prototypegame\x64\debug\critproc.obj
d:\dae\c++\games\summerprototype\prototypegame\x64\debug\core.obj
d:\dae\c++\games\summerprototype\prototypegame\x64\debug\consumablecomponent.obj
d:\dae\c++\games\summerprototype\prototypegame\x64\debug\combatcomponent.obj
d:\dae\c++\games\summerprototype\prototypegame\x64\debug\activitycomponent.obj
d:\dae\c++\games\summerprototype\prototypegame\x64\debug\speedeffect.obj
d:\dae\c++\games\summerprototype\prototypegame\x64\debug\soundstream.obj
d:\dae\c++\games\summerprototype\prototypegame\x64\debug\soundeffect.obj
d:\dae\c++\games\summerprototype\prototypegame\x64\debug\scenemanager.obj
d:\dae\c++\games\summerprototype\prototypegame\x64\debug\scene.obj
d:\dae\c++\games\summerprototype\prototypegame\x64\debug\rangedkeycomponent.obj
d:\dae\c++\games\summerprototype\prototypegame\x64\debug\projectilemovementcomponent.obj
d:\dae\c++\games\summerprototype\prototypegame\x64\debug\projectilecomponent.obj
d:\dae\c++\games\summerprototype\prototypegame\x64\debug\playermovementcomponent.obj
d:\dae\c++\games\summerprototype\prototypegame\x64\debug\pickupitemcommand.obj
d:\dae\c++\games\summerprototype\prototypegame\x64\debug\obstacletransformcomponent.obj
d:\dae\c++\games\summerprototype\prototypegame\x64\debug\obstaclemanagercomponent.obj
d:\dae\c++\games\summerprototype\prototypegame\x64\debug\obstaclecomponent.obj
d:\dae\c++\games\summerprototype\prototypegame\x64\debug\meleekeycomponent.obj
d:\dae\c++\games\summerprototype\prototypegame\x64\debug\mazerendercomponent.obj
d:\dae\c++\games\summerprototype\prototypegame\x64\debug\matrix2x3.obj
d:\dae\c++\games\summerprototype\prototypegame\x64\debug\maprendercomponent.obj
d:\dae\c++\games\summerprototype\prototypegame\x64\debug\main.obj
d:\dae\c++\games\summerprototype\prototypegame\x64\debug\itemmanagercomponent.obj
d:\dae\c++\games\summerprototype\prototypegame\x64\debug\inventorycomponent.obj
d:\dae\c++\games\summerprototype\prototypegame\x64\debug\mazecomponent.obj
d:\dae\c++\games\summerprototype\prototypegame\x64\debug\vector2f.obj
d:\dae\c++\games\summerprototype\prototypegame\x64\debug\utils.obj
d:\dae\c++\games\summerprototype\prototypegame\x64\debug\updatecurrentroomcommand.obj
d:\dae\c++\games\summerprototype\prototypegame\x64\debug\transformcomponent.obj
d:\dae\c++\games\summerprototype\prototypegame\x64\debug\texture.obj
d:\dae\c++\games\summerprototype\prototypegame\x64\debug\svgparser.obj
d:\dae\c++\games\summerprototype\prototypegame\x64\debug\structs.obj
d:\dae\c++\games\summerprototype\prototypegame\x64\debug\spriterendercomponent.obj
d:\dae\c++\games\summerprototype\prototypegame\x64\debug\sprite.obj
d:\dae\c++\games\summerprototype\x64\debug\prototypegame.exe
d:\dae\c++\games\summerprototype\x64\debug\prototypegame.ilk
d:\dae\c++\games\summerprototype\x64\debug\prototypegame.pdb
d:\dae\c++\games\summerprototype\prototypegame\x64\debug\prototypegame.tlog\cl.command.1.tlog
d:\dae\c++\games\summerprototype\prototypegame\x64\debug\prototypegame.tlog\cl.read.1.tlog
d:\dae\c++\games\summerprototype\prototypegame\x64\debug\prototypegame.tlog\cl.write.1.tlog
d:\dae\c++\games\summerprototype\prototypegame\x64\debug\prototypegame.tlog\link.command.1.tlog
d:\dae\c++\games\summerprototype\prototypegame\x64\debug\prototypegame.tlog\link.read.1.tlog
d:\dae\c++\games\summerprototype\prototypegame\x64\debug\prototypegame.tlog\link.write.1.tlog
