d:\dae\c++\games\prototypegame\prototypegame\debug\prototypegame.pch
d:\dae\c++\games\prototypegame\prototypegame\debug\vc142.pdb
d:\dae\c++\games\prototypegame\prototypegame\debug\vc142.idb
d:\dae\c++\games\prototypegame\prototypegame\debug\pch.obj
d:\dae\c++\games\prototypegame\prototypegame\debug\vector2f.obj
d:\dae\c++\games\prototypegame\prototypegame\debug\utils.obj
d:\dae\c++\games\prototypegame\prototypegame\debug\texture.obj
d:\dae\c++\games\prototypegame\prototypegame\debug\svgparser.obj
d:\dae\c++\games\prototypegame\prototypegame\debug\structs.obj
d:\dae\c++\games\prototypegame\prototypegame\debug\soundstream.obj
d:\dae\c++\games\prototypegame\prototypegame\debug\soundeffect.obj
d:\dae\c++\games\prototypegame\prototypegame\debug\scenemanager.obj
d:\dae\c++\games\prototypegame\prototypegame\debug\scene.obj
d:\dae\c++\games\prototypegame\prototypegame\debug\matrix2x3.obj
d:\dae\c++\games\prototypegame\prototypegame\debug\main.obj
d:\dae\c++\games\prototypegame\prototypegame\debug\inputmanager.obj
d:\dae\c++\games\prototypegame\prototypegame\debug\gameobject.obj
d:\dae\c++\games\prototypegame\prototypegame\debug\game.obj
d:\dae\c++\games\prototypegame\prototypegame\debug\core.obj
d:\dae\c++\games\prototypegame\debug\prototypegame.pdb
d:\dae\c++\games\prototypegame\prototypegame\debug\prototypegame.tlog\cl.command.1.tlog
d:\dae\c++\games\prototypegame\prototypegame\debug\prototypegame.tlog\cl.read.1.tlog
d:\dae\c++\games\prototypegame\prototypegame\debug\prototypegame.tlog\cl.write.1.tlog
d:\dae\c++\games\prototypegame\prototypegame\debug\prototypegame.tlog\link-cvtres.read.1.tlog
d:\dae\c++\games\prototypegame\prototypegame\debug\prototypegame.tlog\link-cvtres.write.1.tlog
d:\dae\c++\games\prototypegame\prototypegame\debug\prototypegame.tlog\link-rc.read.1.tlog
d:\dae\c++\games\prototypegame\prototypegame\debug\prototypegame.tlog\link-rc.write.1.tlog
d:\dae\c++\games\prototypegame\prototypegame\debug\prototypegame.tlog\link.command.1.tlog
d:\dae\c++\games\prototypegame\prototypegame\debug\prototypegame.tlog\link.read.1.tlog
d:\dae\c++\games\prototypegame\prototypegame\debug\prototypegame.tlog\link.write.1.tlog
