  Core.cpp
  DebugEnemyComponent.cpp
  DoorCollisionComponent.cpp
  EnemyManagerComponent.cpp
  Game.cpp
  GetAllRoomsCommand.cpp
  HandleCollisionCommand.cpp
  MapRenderComponent.cpp
  MazeRenderComponent.cpp
  PlayerMovementComponent.cpp
  SpriteRenderComponent.cpp
  UpdateCurrentRoomCommand.cpp
  MazeComponent.cpp
  Generating code
  872 of 2393 functions (36.4%) were compiled, the rest were copied from previous compilation.
    270 functions were new in current compilation
    201 functions had inline decision re-evaluated but remain unchanged
  Finished generating code
  PrototypeGame.vcxproj -> D:\DAE\c++\Games\SummerPrototype\x64\Release\PrototypeGame.exe
  COPY THE DLL FILES
  0 File(s) copied
  0 File(s) copied
  0 File(s) copied
  0 File(s) copied
